<?xml version="1.0" encoding="UTF-8"?>
<!-- Generated by org.testng.reporters.JUnitReportReporter -->
<testsuite skipped="0" hostname="VD3AMSTW10P174" name="completetestng_demo.testngclass" tests="3" failures="0" timestamp="2019-11-04T19:13:45 IST" time="41.981" errors="0">
  <testcase name="navigate" time="9.052" classname="completetestng_demo.testngclass"/>
  <testcase name="logout" time="0.002" classname="completetestng_demo.testngclass"/>
  <testcase name="login" time="32.927" classname="completetestng_demo.testngclass"/>
</testsuite> <!-- completetestng_demo.testngclass -->
